<?xml version="1.0" encoding="UTF-8"?>
<!-- Generated by org.testng.reporters.JUnitXMLReporter -->
<testsuite hostname="DESKTOP-28JU9S6" ignored="0" name="Default test" tests="3" failures="0" timestamp="11 Aug 2021 13:32:32 GMT" time="76.104" errors="0">
  <testcase name="test1" time="21.193" classname="org.Test.TestngData2"/>
  <testcase name="test1" time="22.095" classname="org.Test.TestngData2"/>
  <testcase name="test1" time="30.69" classname="org.Test.TestngData2"/>
</testsuite> <!-- Default test -->
