<?xml version="1.0" encoding="UTF-8"?>
<!-- Generated by org.testng.reporters.JUnitXMLReporter -->
<testsuite hostname="DESKTOP-28JU9S6" ignored="3" name="Test" tests="3" failures="0" timestamp="08 Aug 2021 15:16:25 GMT" time="0.172" errors="0">
  <testcase name="Test2" time="0.037" classname="org.Test.Testng1"/>
  <testcase name="Test4" time="0.006" classname="org.Test.Testng1"/>
  <testcase name="Test6" time="0.004" classname="org.Test.Testng1"/>
  <testcase name="Test5" time="0.0" classname="org.Test.Testng1">
    <ignored/>
  </testcase> <!-- Test5 -->
  <testcase name="Test1" time="0.0" classname="org.Test.Testng1">
    <ignored/>
  </testcase> <!-- Test1 -->
  <testcase name="Test3" time="0.0" classname="org.Test.Testng1">
    <ignored/>
  </testcase> <!-- Test3 -->
</testsuite> <!-- Test -->
